Build started 2015/8/19 15:45:17.
     1>Project "E:\06.code\01.C++\statuschecker\StatusChecker\StatusChecker.vcxproj" on node 2 (Build target(s)).
       Project file contains ToolsVersion="12.0". This toolset may be unknown or missing, in which case you may be able to resolve this by installing the appropriate version of MSBuild, or the build may have been forced to a particular ToolsVersion for policy reasons. Treating the project as if it had ToolsVersion="4.0". For more information, please see http://go.microsoft.com/fwlink/?LinkId=291333.
     1>ClCompile:
         D:\Program Files (x86)\Microsoft Visual Studio 11.0\VC\bin\CL.exe /c /ZI /nologo /W3 /WX- /Od /Oy- /D WIN32 /D _DEBUG /D _CONSOLE /D _LIB /D _MBCS /Gm /EHsc /RTC1 /MDd /GS /fp:precise /Zc:wchar_t /Zc:forScope /Yu"stdafx.h" /Fp"Debug\StatusChecker.pch" /Fo"Debug\\" /Fd"Debug\vc110.pdb" /Gd /TP /analyze- /errorReport:prompt DrillDownState.cpp DrillUpState.cpp drillstatemanager.cpp
         DrillUpState.cpp
         Generating Code...
         Skipping... (no relevant changes detected)
         DrillDownState.cpp
         drillstatemanager.cpp
       Link:
         D:\Program Files (x86)\Microsoft Visual Studio 11.0\VC\bin\link.exe /ERRORREPORT:PROMPT /OUT:"E:\06.code\01.C++\statuschecker\Debug\StatusChecker.exe" /INCREMENTAL /NOLOGO kernel32.lib user32.lib gdi32.lib winspool.lib comdlg32.lib advapi32.lib shell32.lib ole32.lib oleaut32.lib uuid.lib odbc32.lib odbccp32.lib /MANIFEST /MANIFESTUAC:"level='asInvoker' uiAccess='false'" /manifest:embed /DEBUG /PDB:"E:\06.code\01.C++\statuschecker\Debug\StatusChecker.pdb" /SUBSYSTEM:CONSOLE /TLBID:1 /DYNAMICBASE /NXCOMPAT /IMPLIB:"E:\06.code\01.C++\statuschecker\Debug\StatusChecker.lib" /MACHINE:X86 Debug\AppendTubeState.obj
         Debug\circulationstate.obj
         Debug\DrillDownState.obj
         Debug\DrillingState.obj
         Debug\drillitem.obj
         Debug\drillitemmanager.obj
         Debug\drillstate.obj
         Debug\drillstatemanager.obj
         Debug\DrillUpState.obj
         Debug\mydatabase.obj
         Debug\myrecordset.obj
         Debug\ParamFitting.obj
         Debug\reamingoffstate.obj
         Debug\stdafx.obj
         Debug\undrillingstate.obj
         StatusChecker.vcxproj -> E:\06.code\01.C++\statuschecker\Debug\StatusChecker.exe
     1>Done Building Project "E:\06.code\01.C++\statuschecker\StatusChecker\StatusChecker.vcxproj" (Build target(s)).

Build succeeded.

Time Elapsed 00:00:01.68
